#
# There is insufficient memory for the Java Runtime Environment to continue.
# Native memory allocation (malloc) failed to allocate 717136 bytes. Error detail: Chunk::new
# Possible reasons:
#   The system is out of physical RAM or swap space
#   This process is running with CompressedOops enabled, and the Java Heap may be blocking the growth of the native heap
# Possible solutions:
#   Reduce memory load on the system
#   Increase physical memory or swap space
#   Check if swap backing store is full
#   Decrease Java heap size (-Xmx/-Xms)
#   Decrease number of Java threads
#   Decrease Java thread stack sizes (-Xss)
#   Set larger code cache with -XX:ReservedCodeCacheSize=
#   JVM is running with Unscaled Compressed Oops mode in which the Java heap is
#     placed in the first 4GB address space. The Java Heap base address is the
#     maximum limit for the native heap growth. Please use -XX:HeapBaseMinAddress
#     to set the Java Heap base and to place the Java Heap above 4GB virtual address.
# This output file may be truncated or incomplete.
#
#  Out of Memory Error (arena.cpp:168), pid=41944, tid=8212
#
# JRE version: OpenJDK Runtime Environment Temurin-21.0.9+10 (21.0.9+10) (build 21.0.9+10-LTS)
# Java VM: OpenJDK 64-Bit Server VM Temurin-21.0.9+10 (21.0.9+10-LTS, mixed mode, sharing, tiered, compressed oops, compressed class ptrs, parallel gc, windows-amd64)
# No core dump will be written. Minidumps are not enabled by default on client versions of Windows
#

---------------  S U M M A R Y ------------

Command Line: --add-modules=ALL-SYSTEM --add-opens=java.base/java.util=ALL-UNNAMED --add-opens=java.base/java.lang=ALL-UNNAMED --add-opens=java.base/sun.nio.fs=ALL-UNNAMED -Declipse.application=org.eclipse.jdt.ls.core.id1 -Dosgi.bundles.defaultStartLevel=4 -Declipse.product=org.eclipse.jdt.ls.core.product -Djava.import.generatesMetadataFilesAtProjectRoot=false -DDetectVMInstallationsJob.disabled=true -Dfile.encoding=utf8 -XX:+UseParallelGC -XX:GCTimeRatio=4 -XX:AdaptiveSizePolicyWeight=90 -Dsun.zip.disableMemoryMapping=true -Xmx2G -Xms100m -Xlog:disable -javaagent:c:\Users\hp\.antigravity\extensions\redhat.java-1.52.0-win32-x64\lombok\lombok-1.18.39-4050.jar -XX:+HeapDumpOnOutOfMemoryError -XX:HeapDumpPath=c:\Users\hp\AppData\Roaming\Antigravity\User\workspaceStorage\ec1dd92948409c9d922e4ce810f444f7\redhat.java -Daether.dependencyCollector.impl=bf c:\Users\hp\.antigravity\extensions\redhat.java-1.52.0-win32-x64\server\plugins\org.eclipse.equinox.launcher_1.7.100.v20251111-0406.jar -configuration c:\Users\hp\AppData\Roaming\Antigravity\User\globalStorage\redhat.java\1.52.0\config_win -data c:\Users\hp\AppData\Roaming\Antigravity\User\workspaceStorage\ec1dd92948409c9d922e4ce810f444f7\redhat.java\jdt_ws --pipe=\\.\pipe\lsp-e461836f3a4c6e4e55c932e9988f90cb-sock

Host: AMD Ryzen 5 5600H with Radeon Graphics         , 12 cores, 7G,  Windows 11 , 64 bit Build 26100 (10.0.26100.7920)
Time: Mon Mar 16 21:55:48 2026 India Standard Time elapsed time: 18.627162 seconds (0d 0h 0m 18s)

---------------  T H R E A D  ---------------

Current thread (0x000001def1b167f0):  JavaThread "C2 CompilerThread1" daemon [_thread_in_native, id=8212, stack(0x0000003a4ee00000,0x0000003a4ef00000) (1024K)]


Current CompileTask:
C2:18627 8468       4       java.lang.invoke.MethodType::makeImpl (109 bytes)

Stack: [0x0000003a4ee00000,0x0000003a4ef00000]
Native frames: (J=compiled Java code, j=interpreted, Vv=VM code, C=native code)
V  [jvm.dll+0x6d6e29]
V  [jvm.dll+0x8b4b76]
V  [jvm.dll+0x8b712e]
V  [jvm.dll+0x8b7813]
V  [jvm.dll+0x283d86]
V  [jvm.dll+0xc66ed]
V  [jvm.dll+0xc6c31]
V  [jvm.dll+0x2facee]
V  [jvm.dll+0x5fde44]
V  [jvm.dll+0x255557]
V  [jvm.dll+0x24d64b]
V  [jvm.dll+0x24b482]
V  [jvm.dll+0x1cb13e]
V  [jvm.dll+0x25b29d]
V  [jvm.dll+0x25982a]
V  [jvm.dll+0x3f7ea6]
V  [jvm.dll+0x85e9ad]
V  [jvm.dll+0x6d565d]
C  [ucrtbase.dll+0x37b0]
C  [KERNEL32.DLL+0x2e8d7]
C  [ntdll.dll+0x8c48c]


---------------  P R O C E S S  ---------------

Threads class SMR info:
_java_thread_list=0x000001defa3e8bc0, length=53, elements={
0x000001ded8e7c420, 0x000001def17304a0, 0x000001def1734830, 0x000001def17375d0,
0x000001def1738220, 0x000001def173e630, 0x000001def173b470, 0x000001def173c2a0,
0x000001def17ad530, 0x000001def18eb700, 0x000001def19921c0, 0x000001def655fe50,
0x000001def68758b0, 0x000001def6262400, 0x000001def67eae40, 0x000001def6c7b2c0,
0x000001def6c2b720, 0x000001def6ed8170, 0x000001def6f6fbc0, 0x000001def6fab390,
0x000001def6faba20, 0x000001def6fac0b0, 0x000001def6faad00, 0x000001def6fa92c0,
0x000001def6fa9950, 0x000001def6fa9fe0, 0x000001def6faa670, 0x000001defae0d260,
0x000001defae0f9c0, 0x000001defae0d8f0, 0x000001defae0df80, 0x000001defae0eca0,
0x000001defae0e610, 0x000001defae0f330, 0x000001defae0c540, 0x000001defae0cbd0,
0x000001defb048be0, 0x000001defb049f90, 0x000001defb046b10, 0x000001defb047ec0,
0x000001defb049270, 0x000001def1b167f0, 0x000001defb049900, 0x000001defb048550,
0x000001defb04a620, 0x000001defb0471a0, 0x000001defb04acb0, 0x000001defb047830,
0x000001defb04b340, 0x000001defb04cd80, 0x000001defb04d410, 0x000001defb04daa0,
0x000001defb04b9d0
}
_to_delete_list=0x000001def92675a0, length=52, elements={
0x000001ded8e7c420, 0x000001def17304a0, 0x000001def1734830, 0x000001def17375d0,
0x000001def1738220, 0x000001def173e630, 0x000001def173b470, 0x000001def173c2a0,
0x000001def17ad530, 0x000001def18eb700, 0x000001def19921c0, 0x000001def655fe50,
0x000001def68758b0, 0x000001def6262400, 0x000001def67eae40, 0x000001def6c7b2c0,
0x000001def6c2b720, 0x000001def6ed8170, 0x000001def6f6fbc0, 0x000001def6fab390,
0x000001def6faba20, 0x000001def6fac0b0, 0x000001def6faad00, 0x000001def6fa92c0,
0x000001def6fa9950, 0x000001def6fa9fe0, 0x000001def6faa670, 0x000001defae0d260,
0x000001defae0f9c0, 0x000001defae0d8f0, 0x000001defae0df80, 0x000001defae0eca0,
0x000001defae0e610, 0x000001defae0f330, 0x000001defae0c540, 0x000001defae0cbd0,
0x000001defb048be0, 0x000001defb049f90, 0x000001defb046b10, 0x000001defb047ec0,
0x000001defb049270, 0x000001def1b167f0, 0x000001defb049900, 0x000001defb048550,
0x000001defb04a620, 0x000001defb0471a0, 0x000001defb04acb0, 0x000001defb047830,
0x000001defb04b340, 0x000001defb04cd80, 0x000001defb04d410, 0x000001defb04daa0
}

Java Threads: ( => current thread )
  0x000001ded8e7c420 JavaThread "main"                              [_thread_blocked, id=14800, stack(0x0000003a4cd00000,0x0000003a4ce00000) (1024K)]
  0x000001def17304a0 JavaThread "Reference Handler"          daemon [_thread_blocked, id=35708, stack(0x0000003a4d100000,0x0000003a4d200000) (1024K)]
  0x000001def1734830 JavaThread "Finalizer"                  daemon [_thread_blocked, id=35244, stack(0x0000003a4d200000,0x0000003a4d300000) (1024K)]
  0x000001def17375d0 JavaThread "Signal Dispatcher"          daemon [_thread_blocked, id=19424, stack(0x0000003a4d300000,0x0000003a4d400000) (1024K)]
  0x000001def1738220 JavaThread "Attach Listener"            daemon [_thread_blocked, id=39552, stack(0x0000003a4d400000,0x0000003a4d500000) (1024K)]
  0x000001def173e630 JavaThread "Service Thread"             daemon [_thread_blocked, id=9516, stack(0x0000003a4d500000,0x0000003a4d600000) (1024K)]
  0x000001def173b470 JavaThread "Monitor Deflation Thread"   daemon [_thread_blocked, id=29104, stack(0x0000003a4d600000,0x0000003a4d700000) (1024K)]
  0x000001def173c2a0 JavaThread "C2 CompilerThread0"         daemon [_thread_in_native, id=5112, stack(0x0000003a4d700000,0x0000003a4d800000) (1024K)]
  0x000001def17ad530 JavaThread "C1 CompilerThread0"         daemon [_thread_in_vm, id=16840, stack(0x0000003a4d800000,0x0000003a4d900000) (1024K)]
  0x000001def18eb700 JavaThread "Common-Cleaner"             daemon [_thread_blocked, id=40532, stack(0x0000003a4d900000,0x0000003a4da00000) (1024K)]
  0x000001def19921c0 JavaThread "Notification Thread"        daemon [_thread_blocked, id=20716, stack(0x0000003a4db00000,0x0000003a4dc00000) (1024K)]
  0x000001def655fe50 JavaThread "Active Thread: Equinox Container: 428edae7-3ccf-4b8c-b5bc-7ecb95870f07"        [_thread_blocked, id=42296, stack(0x0000003a4e200000,0x0000003a4e300000) (1024K)]
  0x000001def68758b0 JavaThread "Refresh Thread: Equinox Container: 428edae7-3ccf-4b8c-b5bc-7ecb95870f07" daemon [_thread_blocked, id=14620, stack(0x0000003a4e400000,0x0000003a4e500000) (1024K)]
  0x000001def6262400 JavaThread "Framework Event Dispatcher: Equinox Container: 428edae7-3ccf-4b8c-b5bc-7ecb95870f07" daemon [_thread_blocked, id=30376, stack(0x0000003a4e500000,0x0000003a4e600000) (1024K)]
  0x000001def67eae40 JavaThread "Start Level: Equinox Container: 428edae7-3ccf-4b8c-b5bc-7ecb95870f07" daemon [_thread_blocked, id=7792, stack(0x0000003a4e600000,0x0000003a4e700000) (1024K)]
  0x000001def6c7b2c0 JavaThread "Bundle File Closer"         daemon [_thread_blocked, id=39812, stack(0x0000003a4e900000,0x0000003a4ea00000) (1024K)]
  0x000001def6c2b720 JavaThread "SCR Component Actor"        daemon [_thread_blocked, id=10632, stack(0x0000003a4da00000,0x0000003a4db00000) (1024K)]
  0x000001def6ed8170 JavaThread "Worker-JM"                         [_thread_blocked, id=15168, stack(0x0000003a4ea00000,0x0000003a4eb00000) (1024K)]
  0x000001def6f6fbc0 JavaThread "JNA Cleaner"                daemon [_thread_blocked, id=22352, stack(0x0000003a4eb00000,0x0000003a4ec00000) (1024K)]
  0x000001def6fab390 JavaThread "Worker-0"                          [_thread_blocked, id=6008, stack(0x0000003a4ec00000,0x0000003a4ed00000) (1024K)]
  0x000001def6faba20 JavaThread "Worker-1: Initialize workspace"        [_thread_in_Java, id=34112, stack(0x0000003a4ed00000,0x0000003a4ee00000) (1024K)]
  0x000001def6fac0b0 JavaThread "Worker-2"                          [_thread_blocked, id=3112, stack(0x0000003a4ef00000,0x0000003a4f000000) (1024K)]
  0x000001def6faad00 JavaThread "Java indexing"              daemon [_thread_blocked, id=19196, stack(0x0000003a4f100000,0x0000003a4f200000) (1024K)]
  0x000001def6fa92c0 JavaThread "Worker-3: Validate documents"        [_thread_in_Java, id=3096, stack(0x0000003a4f400000,0x0000003a4f500000) (1024K)]
  0x000001def6fa9950 JavaThread "Worker-4"                          [_thread_blocked, id=31500, stack(0x0000003a4f500000,0x0000003a4f600000) (1024K)]
  0x000001def6fa9fe0 JavaThread "Thread-1"                   daemon [_thread_in_native, id=8268, stack(0x0000003a4f600000,0x0000003a4f700000) (1024K)]
  0x000001def6faa670 JavaThread "Thread-2"                   daemon [_thread_in_native, id=39960, stack(0x0000003a4f700000,0x0000003a4f800000) (1024K)]
  0x000001defae0d260 JavaThread "Thread-3"                   daemon [_thread_in_native, id=38736, stack(0x0000003a4f800000,0x0000003a4f900000) (1024K)]
  0x000001defae0f9c0 JavaThread "Thread-4"                   daemon [_thread_in_native, id=24676, stack(0x0000003a4f900000,0x0000003a4fa00000) (1024K)]
  0x000001defae0d8f0 JavaThread "Thread-5"                   daemon [_thread_in_native, id=12484, stack(0x0000003a4fa00000,0x0000003a4fb00000) (1024K)]
  0x000001defae0df80 JavaThread "Thread-6"                   daemon [_thread_in_native, id=39192, stack(0x0000003a4fb00000,0x0000003a4fc00000) (1024K)]
  0x000001defae0eca0 JavaThread "Thread-7"                   daemon [_thread_in_native, id=39412, stack(0x0000003a4fc00000,0x0000003a4fd00000) (1024K)]
  0x000001defae0e610 JavaThread "Thread-8"                   daemon [_thread_in_native, id=40704, stack(0x0000003a4fd00000,0x0000003a4fe00000) (1024K)]
  0x000001defae0f330 JavaThread "Thread-9"                   daemon [_thread_in_native, id=30072, stack(0x0000003a4fe00000,0x0000003a4ff00000) (1024K)]
  0x000001defae0c540 JavaThread "Thread-10"                  daemon [_thread_in_native, id=20236, stack(0x0000003a4ff00000,0x0000003a50000000) (1024K)]
  0x000001defae0cbd0 JavaThread "Thread-11"                  daemon [_thread_in_native, id=38460, stack(0x0000003a50000000,0x0000003a50100000) (1024K)]
  0x000001defb048be0 JavaThread "Thread-12"                  daemon [_thread_in_native, id=38456, stack(0x0000003a50100000,0x0000003a50200000) (1024K)]
  0x000001defb049f90 JavaThread "Thread-13"                  daemon [_thread_in_native, id=16876, stack(0x0000003a50200000,0x0000003a50300000) (1024K)]
  0x000001defb046b10 JavaThread "pool-2-thread-1"                   [_thread_blocked, id=36540, stack(0x0000003a50300000,0x0000003a50400000) (1024K)]
  0x000001defb047ec0 JavaThread "WorkspaceEventsHandler"            [_thread_blocked, id=17652, stack(0x0000003a50400000,0x0000003a50500000) (1024K)]
  0x000001defb049270 JavaThread "pool-1-thread-1"                   [_thread_blocked, id=33296, stack(0x0000003a50500000,0x0000003a50600000) (1024K)]
=>0x000001def1b167f0 JavaThread "C2 CompilerThread1"         daemon [_thread_in_native, id=8212, stack(0x0000003a4ee00000,0x0000003a4ef00000) (1024K)]
  0x000001defb049900 JavaThread "ForkJoinPool.commonPool-worker-1" daemon [_thread_blocked, id=7544, stack(0x0000003a4f000000,0x0000003a4f100000) (1024K)]
  0x000001defb048550 JavaThread "ForkJoinPool.commonPool-worker-2" daemon [_thread_blocked, id=41352, stack(0x0000003a50600000,0x0000003a50700000) (1024K)]
  0x000001defb04a620 JavaThread "ForkJoinPool.commonPool-worker-3" daemon [_thread_blocked, id=1760, stack(0x0000003a50700000,0x0000003a50800000) (1024K)]
  0x000001defb0471a0 JavaThread "ForkJoinPool.commonPool-worker-4" daemon [_thread_blocked, id=20640, stack(0x0000003a50800000,0x0000003a50900000) (1024K)]
  0x000001defb04acb0 JavaThread "ForkJoinPool.commonPool-worker-5" daemon [_thread_blocked, id=19228, stack(0x0000003a50900000,0x0000003a50a00000) (1024K)]
  0x000001defb047830 JavaThread "ForkJoinPool.commonPool-worker-6" daemon [_thread_blocked, id=36060, stack(0x0000003a50a00000,0x0000003a50b00000) (1024K)]
  0x000001defb04b340 JavaThread "ForkJoinPool.commonPool-worker-7" daemon [_thread_blocked, id=38396, stack(0x0000003a50b00000,0x0000003a50c00000) (1024K)]
  0x000001defb04cd80 JavaThread "ForkJoinPool.commonPool-worker-8" daemon [_thread_blocked, id=25572, stack(0x0000003a50c00000,0x0000003a50d00000) (1024K)]
  0x000001defb04d410 JavaThread "ForkJoinPool.commonPool-worker-9" daemon [_thread_blocked, id=40716, stack(0x0000003a50d00000,0x0000003a50e00000) (1024K)]
  0x000001defb04daa0 JavaThread "ForkJoinPool.commonPool-worker-10" daemon [_thread_blocked, id=35696, stack(0x0000003a50e00000,0x0000003a50f00000) (1024K)]
  0x000001defb04b9d0 JavaThread "ForkJoinPool.commonPool-worker-11" daemon [_thread_blocked, id=42944, stack(0x0000003a50f00000,0x0000003a51000000) (1024K)]
Total: 53

Other Threads:
  0x000001ded8f3e8a0 VMThread "VM Thread"                           [id=28596, stack(0x0000003a4d000000,0x0000003a4d100000) (1024K)]
  0x000001ded8d0ca10 WatcherThread "VM Periodic Task Thread"        [id=39308, stack(0x0000003a4cf00000,0x0000003a4d000000) (1024K)]
  0x000001ded8e9a7e0 WorkerThread "GC Thread#0"                     [id=43392, stack(0x0000003a4ce00000,0x0000003a4cf00000) (1024K)]
  0x000001def65380a0 WorkerThread "GC Thread#1"                     [id=36180, stack(0x0000003a4dc00000,0x0000003a4dd00000) (1024K)]
  0x000001def6538440 WorkerThread "GC Thread#2"                     [id=10396, stack(0x0000003a4dd00000,0x0000003a4de00000) (1024K)]
  0x000001def63ba900 WorkerThread "GC Thread#3"                     [id=27164, stack(0x0000003a4de00000,0x0000003a4df00000) (1024K)]
  0x000001def63baca0 WorkerThread "GC Thread#4"                     [id=31984, stack(0x0000003a4df00000,0x0000003a4e000000) (1024K)]
  0x000001def63bb040 WorkerThread "GC Thread#5"                     [id=35276, stack(0x0000003a4e000000,0x0000003a4e100000) (1024K)]
  0x000001def64c3880 WorkerThread "GC Thread#6"                     [id=18988, stack(0x0000003a4e100000,0x0000003a4e200000) (1024K)]
  0x000001def62cb230 WorkerThread "GC Thread#7"                     [id=28772, stack(0x0000003a4e300000,0x0000003a4e400000) (1024K)]
  0x000001def6932df0 WorkerThread "GC Thread#8"                     [id=37100, stack(0x0000003a4e700000,0x0000003a4e800000) (1024K)]
  0x000001def68eeef0 WorkerThread "GC Thread#9"                     [id=38428, stack(0x0000003a4e800000,0x0000003a4e900000) (1024K)]
Total: 12

Threads with active compile tasks:
C2 CompilerThread0  18646 8471 %     4       org.eclipse.jdt.internal.core.index.DiskIndex::addQueryResults @ 361 (739 bytes)
C2 CompilerThread1  18646 8468       4       java.lang.invoke.MethodType::makeImpl (109 bytes)
Total: 2

VM state: not at safepoint (normal execution)

VM Mutex/Monitor currently owned by a thread:  ([mutex/lock_event])
[0x00007ffc40e9b4f0] Metaspace_lock - owner thread: 0x0000000000000000

Heap address: 0x0000000080000000, size: 2048 MB, Compressed Oops mode: 32-bit

CDS archive(s) mapped at: [0x000001de80000000-0x000001de80ba0000-0x000001de80ba0000), size 12189696, SharedBaseAddress: 0x000001de80000000, ArchiveRelocationMode: 1.
Compressed class space mapped at: 0x000001de81000000-0x000001dec1000000, reserved size: 1073741824
Narrow klass base: 0x000001de80000000, Narrow klass shift: 0, Narrow klass range: 0x100000000

GC Precious Log:
 CardTable entry size: 512
 CPUs: 12 total, 12 available
 Memory: 7521M
 Large Page Support: Disabled
 NUMA Support: Disabled
 Compressed Oops: Enabled (32-bit)
 Alignments: Space 512K, Generation 512K, Heap 2M
 Heap Min Capacity: 100M
 Heap Initial Capacity: 100M
 Heap Max Capacity: 2G
 Pre-touch: Disabled
 Parallel Workers: 10

Heap:
 PSYoungGen      total 23040K, used 19971K [0x00000000d5580000, 0x00000000d7000000, 0x0000000100000000)
  eden space 22016K, 86% used [0x00000000d5580000,0x00000000d6803d20,0x00000000d6b00000)
  from space 1024K, 98% used [0x00000000d6e80000,0x00000000d6f7cfa0,0x00000000d6f80000)
  to   space 512K, 0% used [0x00000000d6f80000,0x00000000d6f80000,0x00000000d7000000)
 ParOldGen       total 68608K, used 44559K [0x0000000080000000, 0x0000000084300000, 0x00000000d5580000)
  object space 68608K, 64% used [0x0000000080000000,0x0000000082b83e30,0x0000000084300000)
 Metaspace       used 57379K, committed 58816K, reserved 1114112K
  class space    used 6196K, committed 6848K, reserved 1048576K

Card table byte_map: [0x000001ded8820000,0x000001ded8c30000] _byte_map_base: 0x000001ded8420000

Marking Bits: (ParMarkBitMap*) 0x00007ffc40ea2460
 Begin Bits: [0x000001deeb330000, 0x000001deed330000)
 End Bits:   [0x000001deed330000, 0x000001deef330000)

Polling page: 0x000001ded6e10000

Metaspace:

Usage:
  Non-class:     49.99 MB used.
      Class:      6.05 MB used.
       Both:     56.04 MB used.

Virtual space:
  Non-class space:       64.00 MB reserved,      50.75 MB ( 79%) committed,  1 nodes.
      Class space:        1.00 GB reserved,       6.69 MB ( <1%) committed,  1 nodes.
             Both:        1.06 GB reserved,      57.44 MB (  5%) committed. 

Chunk freelists:
   Non-Class:  12.85 MB
       Class:  9.28 MB
        Both:  22.13 MB

MaxMetaspaceSize: unlimited
CompressedClassSpaceSize: 1.00 GB
Initial GC threshold: 21.00 MB
Current GC threshold: 58.38 MB
CDS: on
 - commit_granule_bytes: 65536.
 - commit_granule_words: 8192.
 - virtual_space_node_default_size: 8388608.
 - enlarge_chunks_in_place: 1.
 - use_allocation_guard: 0.


Internal statistics:

num_allocs_failed_limit: 6.
num_arena_births: 1072.
num_arena_deaths: 14.
num_vsnodes_births: 2.
num_vsnodes_deaths: 0.
num_space_committed: 919.
num_space_uncommitted: 0.
num_chunks_returned_to_freelist: 20.
num_chunks_taken_from_freelist: 3723.
num_chunk_merges: 11.
num_chunk_splits: 2303.
num_chunks_enlarged: 1289.
num_inconsistent_stats: 0.

CodeHeap 'non-profiled nmethods': size=120000Kb used=4876Kb max_used=4876Kb free=115123Kb
 bounds [0x000001dee3b50000, 0x000001dee4020000, 0x000001deeb080000]
CodeHeap 'profiled nmethods': size=120000Kb used=17595Kb max_used=17595Kb free=102404Kb
 bounds [0x000001dedc080000, 0x000001dedd1b0000, 0x000001dee35b0000]
CodeHeap 'non-nmethods': size=5760Kb used=1405Kb max_used=1445Kb free=4354Kb
 bounds [0x000001dee35b0000, 0x000001dee3820000, 0x000001dee3b50000]
CodeCache: size=245760Kb, used=23876Kb, max_used=23916Kb, free=221881Kb
 total_blobs=8705, nmethods=7992, adapters=619, full_count=0
Compilation: enabled, stopped_count=0, restarted_count=0

Compilation events (20 events):
Event: 16.603 Thread 0x000001def17ad530 nmethod 8564 0x000001dedd1a8310 code [0x000001dedd1a84e0, 0x000001dedd1a88f8]
Event: 16.603 Thread 0x000001def17ad530 8565       3       org.eclipse.sisu.inject.RankedBindings$Itr::<init> (24 bytes)
Event: 16.604 Thread 0x000001def17ad530 nmethod 8565 0x000001dedd1a8a90 code [0x000001dedd1a8c60, 0x000001dedd1a8fb0]
Event: 16.604 Thread 0x000001def17ad530 8566       3       org.eclipse.sisu.inject.RankedSequence::iterator (9 bytes)
Event: 16.604 Thread 0x000001def17ad530 nmethod 8566 0x000001dedd1a9190 code [0x000001dedd1a9340, 0x000001dedd1a95a0]
Event: 16.604 Thread 0x000001def17ad530 8567   !   3       org.eclipse.sisu.inject.BeanCache::create (181 bytes)
Event: 16.605 Thread 0x000001def17ad530 nmethod 8567 0x000001dedd1a9690 code [0x000001dedd1a9900, 0x000001dedd1aa6d0]
Event: 16.605 Thread 0x000001def17ad530 8569       3       com.google.inject.Key$AnnotationTypeStrategy::hashCode (8 bytes)
Event: 16.605 Thread 0x000001def17ad530 nmethod 8569 0x000001dedd1aab90 code [0x000001dedd1aad40, 0x000001dedd1aaf10]
Event: 16.605 Thread 0x000001def17ad530 8570       3       org.eclipse.sisu.inject.RankedSequence::<init> (5 bytes)
Event: 16.605 Thread 0x000001def17ad530 nmethod 8570 0x000001dedd1ab010 code [0x000001dedd1ab1c0, 0x000001dedd1ab328]
Event: 16.605 Thread 0x000001def17ad530 8571       3       org.eclipse.sisu.inject.RankedSequence::<init> (18 bytes)
Event: 16.605 Thread 0x000001def17ad530 nmethod 8571 0x000001dedd1ab410 code [0x000001dedd1ab5c0, 0x000001dedd1ab788]
Event: 16.606 Thread 0x000001def17ad530 8572       3       java.util.TreeMap::<init> (20 bytes)
Event: 16.606 Thread 0x000001def17ad530 nmethod 8572 0x000001dedd1ab890 code [0x000001dedd1aba40, 0x000001dedd1abc30]
Event: 16.606 Thread 0x000001def173c2a0 nmethod 8478 0x000001dee400d090 code [0x000001dee400d2e0, 0x000001dee400e098]
Event: 16.606 Thread 0x000001def173c2a0 8470       4       java.util.HashMap::computeIfAbsent (330 bytes)
Event: 16.607 Thread 0x000001def17ad530 8573   !   3       com.google.inject.internal.ProviderToInternalFactoryAdapter::get (47 bytes)
Event: 16.607 Thread 0x000001def17ad530 nmethod 8573 0x000001dedd1abd10 code [0x000001dedd1abf00, 0x000001dedd1ac300]
Event: 16.836 Thread 0x000001def17ad530 8574       1       org.eclipse.core.internal.jobs.JobChangeEvent::getJob (5 bytes)

GC Heap History (20 events):
Event: 14.739 GC heap before
{Heap before GC invocations=26 (full 2):
 PSYoungGen      total 24064K, used 24032K [0x00000000d5580000, 0x00000000d7200000, 0x0000000100000000)
  eden space 22016K, 100% used [0x00000000d5580000,0x00000000d6b00000,0x00000000d6b00000)
  from space 2048K, 98% used [0x00000000d6b00000,0x00000000d6cf8010,0x00000000d6d00000)
  to   space 3584K, 0% used [0x00000000d6e80000,0x00000000d6e80000,0x00000000d7200000)
 ParOldGen       total 68608K, used 28458K [0x0000000080000000, 0x0000000084300000, 0x00000000d5580000)
  object space 68608K, 41% used [0x0000000080000000,0x0000000081bca9e0,0x0000000084300000)
 Metaspace       used 50284K, committed 51584K, reserved 1114112K
  class space    used 5478K, committed 6080K, reserved 1048576K
}
Event: 14.742 GC heap after
{Heap after GC invocations=26 (full 2):
 PSYoungGen      total 24576K, used 2338K [0x00000000d5580000, 0x00000000d7100000, 0x0000000100000000)
  eden space 22016K, 0% used [0x00000000d5580000,0x00000000d5580000,0x00000000d6b00000)
  from space 2560K, 91% used [0x00000000d6e80000,0x00000000d70c8810,0x00000000d7100000)
  to   space 3072K, 0% used [0x00000000d6b00000,0x00000000d6b00000,0x00000000d6e00000)
 ParOldGen       total 68608K, used 30338K [0x0000000080000000, 0x0000000084300000, 0x00000000d5580000)
  object space 68608K, 44% used [0x0000000080000000,0x0000000081da0a00,0x0000000084300000)
 Metaspace       used 50284K, committed 51584K, reserved 1114112K
  class space    used 5478K, committed 6080K, reserved 1048576K
}
Event: 14.802 GC heap before
{Heap before GC invocations=27 (full 2):
 PSYoungGen      total 24576K, used 24354K [0x00000000d5580000, 0x00000000d7100000, 0x0000000100000000)
  eden space 22016K, 100% used [0x00000000d5580000,0x00000000d6b00000,0x00000000d6b00000)
  from space 2560K, 91% used [0x00000000d6e80000,0x00000000d70c8810,0x00000000d7100000)
  to   space 3072K, 0% used [0x00000000d6b00000,0x00000000d6b00000,0x00000000d6e00000)
 ParOldGen       total 68608K, used 30338K [0x0000000080000000, 0x0000000084300000, 0x00000000d5580000)
  object space 68608K, 44% used [0x0000000080000000,0x0000000081da0a00,0x0000000084300000)
 Metaspace       used 50305K, committed 51584K, reserved 1114112K
  class space    used 5478K, committed 6080K, reserved 1048576K
}
Event: 14.805 GC heap after
{Heap after GC invocations=27 (full 2):
 PSYoungGen      total 24576K, used 2336K [0x00000000d5580000, 0x00000000d7000000, 0x0000000100000000)
  eden space 22016K, 0% used [0x00000000d5580000,0x00000000d5580000,0x00000000d6b00000)
  from space 2560K, 91% used [0x00000000d6b00000,0x00000000d6d48010,0x00000000d6d80000)
  to   space 2560K, 0% used [0x00000000d6d80000,0x00000000d6d80000,0x00000000d7000000)
 ParOldGen       total 68608K, used 32472K [0x0000000080000000, 0x0000000084300000, 0x00000000d5580000)
  object space 68608K, 47% used [0x0000000080000000,0x0000000081fb6320,0x0000000084300000)
 Metaspace       used 50305K, committed 51584K, reserved 1114112K
  class space    used 5478K, committed 6080K, reserved 1048576K
}
Event: 14.878 GC heap before
{Heap before GC invocations=28 (full 2):
 PSYoungGen      total 24576K, used 24352K [0x00000000d5580000, 0x00000000d7000000, 0x0000000100000000)
  eden space 22016K, 100% used [0x00000000d5580000,0x00000000d6b00000,0x00000000d6b00000)
  from space 2560K, 91% used [0x00000000d6b00000,0x00000000d6d48010,0x00000000d6d80000)
  to   space 2560K, 0% used [0x00000000d6d80000,0x00000000d6d80000,0x00000000d7000000)
 ParOldGen       total 68608K, used 32472K [0x0000000080000000, 0x0000000084300000, 0x00000000d5580000)
  object space 68608K, 47% used [0x0000000080000000,0x0000000081fb6320,0x0000000084300000)
 Metaspace       used 50311K, committed 51648K, reserved 1114112K
  class space    used 5478K, committed 6080K, reserved 1048576K
}
Event: 14.883 GC heap after
{Heap after GC invocations=28 (full 2):
 PSYoungGen      total 24576K, used 2052K [0x00000000d5580000, 0x00000000d7000000, 0x0000000100000000)
  eden space 22016K, 0% used [0x00000000d5580000,0x00000000d5580000,0x00000000d6b00000)
  from space 2560K, 80% used [0x00000000d6d80000,0x00000000d6f81000,0x00000000d7000000)
  to   space 2560K, 0% used [0x00000000d6b00000,0x00000000d6b00000,0x00000000d6d80000)
 ParOldGen       total 68608K, used 34672K [0x0000000080000000, 0x0000000084300000, 0x00000000d5580000)
  object space 68608K, 50% used [0x0000000080000000,0x00000000821dc330,0x0000000084300000)
 Metaspace       used 50311K, committed 51648K, reserved 1114112K
  class space    used 5478K, committed 6080K, reserved 1048576K
}
Event: 14.953 GC heap before
{Heap before GC invocations=29 (full 2):
 PSYoungGen      total 24576K, used 24068K [0x00000000d5580000, 0x00000000d7000000, 0x0000000100000000)
  eden space 22016K, 100% used [0x00000000d5580000,0x00000000d6b00000,0x00000000d6b00000)
  from space 2560K, 80% used [0x00000000d6d80000,0x00000000d6f81000,0x00000000d7000000)
  to   space 2560K, 0% used [0x00000000d6b00000,0x00000000d6b00000,0x00000000d6d80000)
 ParOldGen       total 68608K, used 34672K [0x0000000080000000, 0x0000000084300000, 0x00000000d5580000)
  object space 68608K, 50% used [0x0000000080000000,0x00000000821dc330,0x0000000084300000)
 Metaspace       used 50323K, committed 51648K, reserved 1114112K
  class space    used 5479K, committed 6080K, reserved 1048576K
}
Event: 14.956 GC heap after
{Heap after GC invocations=29 (full 2):
 PSYoungGen      total 24576K, used 2272K [0x00000000d5580000, 0x00000000d7000000, 0x0000000100000000)
  eden space 22016K, 0% used [0x00000000d5580000,0x00000000d5580000,0x00000000d6b00000)
  from space 2560K, 88% used [0x00000000d6b00000,0x00000000d6d38010,0x00000000d6d80000)
  to   space 2560K, 0% used [0x00000000d6d80000,0x00000000d6d80000,0x00000000d7000000)
 ParOldGen       total 68608K, used 36593K [0x0000000080000000, 0x0000000084300000, 0x00000000d5580000)
  object space 68608K, 53% used [0x0000000080000000,0x00000000823bc430,0x0000000084300000)
 Metaspace       used 50323K, committed 51648K, reserved 1114112K
  class space    used 5479K, committed 6080K, reserved 1048576K
}
Event: 15.024 GC heap before
{Heap before GC invocations=30 (full 2):
 PSYoungGen      total 24576K, used 24288K [0x00000000d5580000, 0x00000000d7000000, 0x0000000100000000)
  eden space 22016K, 100% used [0x00000000d5580000,0x00000000d6b00000,0x00000000d6b00000)
  from space 2560K, 88% used [0x00000000d6b00000,0x00000000d6d38010,0x00000000d6d80000)
  to   space 2560K, 0% used [0x00000000d6d80000,0x00000000d6d80000,0x00000000d7000000)
 ParOldGen       total 68608K, used 36593K [0x0000000080000000, 0x0000000084300000, 0x00000000d5580000)
  object space 68608K, 53% used [0x0000000080000000,0x00000000823bc430,0x0000000084300000)
 Metaspace       used 50349K, committed 51648K, reserved 1114112K
  class space    used 5479K, committed 6080K, reserved 1048576K
}
Event: 15.028 GC heap after
{Heap after GC invocations=30 (full 2):
 PSYoungGen      total 24064K, used 1880K [0x00000000d5580000, 0x00000000d6f80000, 0x0000000100000000)
  eden space 22016K, 0% used [0x00000000d5580000,0x00000000d5580000,0x00000000d6b00000)
  from space 2048K, 91% used [0x00000000d6d80000,0x00000000d6f56200,0x00000000d6f80000)
  to   space 2048K, 0% used [0x00000000d6b80000,0x00000000d6b80000,0x00000000d6d80000)
 ParOldGen       total 68608K, used 38681K [0x0000000080000000, 0x0000000084300000, 0x00000000d5580000)
  object space 68608K, 56% used [0x0000000080000000,0x00000000825c6440,0x0000000084300000)
 Metaspace       used 50349K, committed 51648K, reserved 1114112K
  class space    used 5479K, committed 6080K, reserved 1048576K
}
Event: 15.182 GC heap before
{Heap before GC invocations=31 (full 2):
 PSYoungGen      total 24064K, used 23896K [0x00000000d5580000, 0x00000000d6f80000, 0x0000000100000000)
  eden space 22016K, 100% used [0x00000000d5580000,0x00000000d6b00000,0x00000000d6b00000)
  from space 2048K, 91% used [0x00000000d6d80000,0x00000000d6f56200,0x00000000d6f80000)
  to   space 2048K, 0% used [0x00000000d6b80000,0x00000000d6b80000,0x00000000d6d80000)
 ParOldGen       total 68608K, used 38681K [0x0000000080000000, 0x0000000084300000, 0x00000000d5580000)
  object space 68608K, 56% used [0x0000000080000000,0x00000000825c6440,0x0000000084300000)
 Metaspace       used 51284K, committed 52608K, reserved 1114112K
  class space    used 5586K, committed 6208K, reserved 1048576K
}
Event: 15.185 GC heap after
{Heap after GC invocations=31 (full 2):
 PSYoungGen      total 24064K, used 2023K [0x00000000d5580000, 0x00000000d7500000, 0x0000000100000000)
  eden space 22016K, 0% used [0x00000000d5580000,0x00000000d5580000,0x00000000d6b00000)
  from space 2048K, 98% used [0x00000000d6b80000,0x00000000d6d79ce0,0x00000000d6d80000)
  to   space 5120K, 0% used [0x00000000d7000000,0x00000000d7000000,0x00000000d7500000)
 ParOldGen       total 68608K, used 40897K [0x0000000080000000, 0x0000000084300000, 0x00000000d5580000)
  object space 68608K, 59% used [0x0000000080000000,0x00000000827f0640,0x0000000084300000)
 Metaspace       used 51284K, committed 52608K, reserved 1114112K
  class space    used 5586K, committed 6208K, reserved 1048576K
}
Event: 15.271 GC heap before
{Heap before GC invocations=32 (full 2):
 PSYoungGen      total 24064K, used 24003K [0x00000000d5580000, 0x00000000d7500000, 0x0000000100000000)
  eden space 22016K, 99% used [0x00000000d5580000,0x00000000d6af7228,0x00000000d6b00000)
  from space 2048K, 98% used [0x00000000d6b80000,0x00000000d6d79ce0,0x00000000d6d80000)
  to   space 5120K, 0% used [0x00000000d7000000,0x00000000d7000000,0x00000000d7500000)
 ParOldGen       total 68608K, used 40897K [0x0000000080000000, 0x0000000084300000, 0x00000000d5580000)
  object space 68608K, 59% used [0x0000000080000000,0x00000000827f0640,0x0000000084300000)
 Metaspace       used 51307K, committed 52608K, reserved 1114112K
  class space    used 5586K, committed 6208K, reserved 1048576K
}
Event: 15.274 GC heap after
{Heap after GC invocations=32 (full 2):
 PSYoungGen      total 22528K, used 365K [0x00000000d5580000, 0x00000000d7080000, 0x0000000100000000)
  eden space 22016K, 0% used [0x00000000d5580000,0x00000000d5580000,0x00000000d6b00000)
  from space 512K, 71% used [0x00000000d7000000,0x00000000d705b6a0,0x00000000d7080000)
  to   space 2048K, 0% used [0x00000000d6c80000,0x00000000d6c80000,0x00000000d6e80000)
 ParOldGen       total 68608K, used 43135K [0x0000000080000000, 0x0000000084300000, 0x00000000d5580000)
  object space 68608K, 62% used [0x0000000080000000,0x0000000082a1fde0,0x0000000084300000)
 Metaspace       used 51307K, committed 52608K, reserved 1114112K
  class space    used 5586K, committed 6208K, reserved 1048576K
}
Event: 15.526 GC heap before
{Heap before GC invocations=33 (full 2):
 PSYoungGen      total 22528K, used 22381K [0x00000000d5580000, 0x00000000d7080000, 0x0000000100000000)
  eden space 22016K, 100% used [0x00000000d5580000,0x00000000d6b00000,0x00000000d6b00000)
  from space 512K, 71% used [0x00000000d7000000,0x00000000d705b6a0,0x00000000d7080000)
  to   space 2048K, 0% used [0x00000000d6c80000,0x00000000d6c80000,0x00000000d6e80000)
 ParOldGen       total 68608K, used 43135K [0x0000000080000000, 0x0000000084300000, 0x00000000d5580000)
  object space 68608K, 62% used [0x0000000080000000,0x0000000082a1fde0,0x0000000084300000)
 Metaspace       used 52981K, committed 54272K, reserved 1114112K
  class space    used 5742K, committed 6336K, reserved 1048576K
}
Event: 15.527 GC heap after
{Heap after GC invocations=33 (full 2):
 PSYoungGen      total 24064K, used 352K [0x00000000d5580000, 0x00000000d7080000, 0x0000000100000000)
  eden space 22016K, 0% used [0x00000000d5580000,0x00000000d5580000,0x00000000d6b00000)
  from space 2048K, 17% used [0x00000000d6c80000,0x00000000d6cd8000,0x00000000d6e80000)
  to   space 1024K, 0% used [0x00000000d6f80000,0x00000000d6f80000,0x00000000d7080000)
 ParOldGen       total 68608K, used 43167K [0x0000000080000000, 0x0000000084300000, 0x00000000d5580000)
  object space 68608K, 62% used [0x0000000080000000,0x0000000082a27de0,0x0000000084300000)
 Metaspace       used 52981K, committed 54272K, reserved 1114112K
  class space    used 5742K, committed 6336K, reserved 1048576K
}
Event: 16.034 GC heap before
{Heap before GC invocations=34 (full 2):
 PSYoungGen      total 24064K, used 22368K [0x00000000d5580000, 0x00000000d7080000, 0x0000000100000000)
  eden space 22016K, 100% used [0x00000000d5580000,0x00000000d6b00000,0x00000000d6b00000)
  from space 2048K, 17% used [0x00000000d6c80000,0x00000000d6cd8000,0x00000000d6e80000)
  to   space 1024K, 0% used [0x00000000d6f80000,0x00000000d6f80000,0x00000000d7080000)
 ParOldGen       total 68608K, used 43167K [0x0000000080000000, 0x0000000084300000, 0x00000000d5580000)
  object space 68608K, 62% used [0x0000000080000000,0x0000000082a27de0,0x0000000084300000)
 Metaspace       used 54272K, committed 55616K, reserved 1114112K
  class space    used 5865K, committed 6464K, reserved 1048576K
}
Event: 16.035 GC heap after
{Heap after GC invocations=34 (full 2):
 PSYoungGen      total 23040K, used 544K [0x00000000d5580000, 0x00000000d7080000, 0x0000000100000000)
  eden space 22016K, 0% used [0x00000000d5580000,0x00000000d5580000,0x00000000d6b00000)
  from space 1024K, 53% used [0x00000000d6f80000,0x00000000d7008000,0x00000000d7080000)
  to   space 1024K, 0% used [0x00000000d6e80000,0x00000000d6e80000,0x00000000d6f80000)
 ParOldGen       total 68608K, used 43327K [0x0000000080000000, 0x0000000084300000, 0x00000000d5580000)
  object space 68608K, 63% used [0x0000000080000000,0x0000000082a4fde0,0x0000000084300000)
 Metaspace       used 54272K, committed 55616K, reserved 1114112K
  class space    used 5865K, committed 6464K, reserved 1048576K
}
Event: 16.477 GC heap before
{Heap before GC invocations=35 (full 2):
 PSYoungGen      total 23040K, used 22560K [0x00000000d5580000, 0x00000000d7080000, 0x0000000100000000)
  eden space 22016K, 100% used [0x00000000d5580000,0x00000000d6b00000,0x00000000d6b00000)
  from space 1024K, 53% used [0x00000000d6f80000,0x00000000d7008000,0x00000000d7080000)
  to   space 1024K, 0% used [0x00000000d6e80000,0x00000000d6e80000,0x00000000d6f80000)
 ParOldGen       total 68608K, used 43327K [0x0000000080000000, 0x0000000084300000, 0x00000000d5580000)
  object space 68608K, 63% used [0x0000000080000000,0x0000000082a4fde0,0x0000000084300000)
 Metaspace       used 56381K, committed 57792K, reserved 1114112K
  class space    used 6085K, committed 6720K, reserved 1048576K
}
Event: 16.480 GC heap after
{Heap after GC invocations=35 (full 2):
 PSYoungGen      total 23040K, used 1011K [0x00000000d5580000, 0x00000000d7000000, 0x0000000100000000)
  eden space 22016K, 0% used [0x00000000d5580000,0x00000000d5580000,0x00000000d6b00000)
  from space 1024K, 98% used [0x00000000d6e80000,0x00000000d6f7cfa0,0x00000000d6f80000)
  to   space 512K, 0% used [0x00000000d6f80000,0x00000000d6f80000,0x00000000d7000000)
 ParOldGen       total 68608K, used 44559K [0x0000000080000000, 0x0000000084300000, 0x00000000d5580000)
  object space 68608K, 64% used [0x0000000080000000,0x0000000082b83e30,0x0000000084300000)
 Metaspace       used 56381K, committed 57792K, reserved 1114112K
  class space    used 6085K, committed 6720K, reserved 1048576K
}

Dll operation events (10 events):
Event: 0.022 Loaded shared library c:\Users\hp\.antigravity\extensions\redhat.java-1.52.0-win32-x64\jre\21.0.9-win32-x86_64\bin\java.dll
Event: 0.165 Loaded shared library c:\Users\hp\.antigravity\extensions\redhat.java-1.52.0-win32-x64\jre\21.0.9-win32-x86_64\bin\zip.dll
Event: 0.204 Loaded shared library C:\Users\hp\.antigravity\extensions\redhat.java-1.52.0-win32-x64\jre\21.0.9-win32-x86_64\bin\instrument.dll
Event: 0.211 Loaded shared library C:\Users\hp\.antigravity\extensions\redhat.java-1.52.0-win32-x64\jre\21.0.9-win32-x86_64\bin\net.dll
Event: 0.214 Loaded shared library C:\Users\hp\.antigravity\extensions\redhat.java-1.52.0-win32-x64\jre\21.0.9-win32-x86_64\bin\nio.dll
Event: 0.220 Loaded shared library C:\Users\hp\.antigravity\extensions\redhat.java-1.52.0-win32-x64\jre\21.0.9-win32-x86_64\bin\zip.dll
Event: 0.251 Loaded shared library C:\Users\hp\.antigravity\extensions\redhat.java-1.52.0-win32-x64\jre\21.0.9-win32-x86_64\bin\jimage.dll
Event: 0.350 Loaded shared library c:\Users\hp\.antigravity\extensions\redhat.java-1.52.0-win32-x64\jre\21.0.9-win32-x86_64\bin\verify.dll
Event: 2.455 Loaded shared library C:\Users\hp\AppData\Roaming\Antigravity\User\globalStorage\redhat.java\1.52.0\config_win\org.eclipse.equinox.launcher\org.eclipse.equinox.launcher.win32.win32.x86_64_1.2.1500.v20260121-1430\eclipse_11919.dll
Event: 5.147 Loaded shared library C:\Users\hp\AppData\Local\Temp\jna-3336\jna14890145891142286617.dll

Deoptimization events (20 events):
Event: 16.550 Thread 0x000001defb04acb0 Uncommon trap: trap_request=0xffffffde fr.pc=0x000001dee3d54eac relative=0x0000000000000b4c
Event: 16.550 Thread 0x000001defb04acb0 Uncommon trap: reason=class_check action=maybe_recompile pc=0x000001dee3d54eac method=java.util.concurrent.ConcurrentHashMap.putVal(Ljava/lang/Object;Ljava/lang/Object;Z)Ljava/lang/Object; @ 242 c2
Event: 16.550 Thread 0x000001defb04acb0 DEOPT PACKING pc=0x000001dee3d54eac sp=0x0000003a509fe390
Event: 16.550 Thread 0x000001defb04acb0 DEOPT UNPACKING pc=0x000001dee3603aa2 sp=0x0000003a509fe320 mode 2
Event: 16.557 Thread 0x000001def6faba20 Uncommon trap: trap_request=0xffffffde fr.pc=0x000001dee3c0c8b4 relative=0x0000000000000274
Event: 16.557 Thread 0x000001def6faba20 Uncommon trap: reason=class_check action=maybe_recompile pc=0x000001dee3c0c8b4 method=java.util.Comparator.lambda$comparing$77a9974f$1(Ljava/util/function/Function;Ljava/lang/Object;Ljava/lang/Object;)I @ 7 c2
Event: 16.557 Thread 0x000001def6faba20 DEOPT PACKING pc=0x000001dee3c0c8b4 sp=0x0000003a4edfd6e0
Event: 16.557 Thread 0x000001def6faba20 DEOPT UNPACKING pc=0x000001dee3603aa2 sp=0x0000003a4edfd610 mode 2
Event: 16.558 Thread 0x000001defb049900 Uncommon trap: trap_request=0xffffff45 fr.pc=0x000001dee40079dc relative=0x0000000000000e1c
Event: 16.558 Thread 0x000001defb049900 Uncommon trap: reason=unstable_if action=reinterpret pc=0x000001dee40079dc method=org.eclipse.jdt.internal.core.index.DiskIndex.readStreamChars(Ljava/io/InputStream;)[C @ 1 c2
Event: 16.558 Thread 0x000001defb049900 DEOPT PACKING pc=0x000001dee40079dc sp=0x0000003a4f0fea50
Event: 16.558 Thread 0x000001defb049900 DEOPT UNPACKING pc=0x000001dee3603aa2 sp=0x0000003a4f0fe9d8 mode 2
Event: 16.562 Thread 0x000001defb04acb0 Uncommon trap: trap_request=0xffffff45 fr.pc=0x000001dee3e196cc relative=0x000000000000026c
Event: 16.562 Thread 0x000001defb04acb0 Uncommon trap: reason=unstable_if action=reinterpret pc=0x000001dee3e196cc method=org.eclipse.core.runtime.Path.computeFlags(Ljava/lang/String;Z)I @ 93 c2
Event: 16.562 Thread 0x000001defb04acb0 DEOPT PACKING pc=0x000001dee3e196cc sp=0x0000003a509fe130
Event: 16.562 Thread 0x000001defb04acb0 DEOPT UNPACKING pc=0x000001dee3603aa2 sp=0x0000003a509fe0a0 mode 2
Event: 16.562 Thread 0x000001defb04acb0 Uncommon trap: trap_request=0xffffff45 fr.pc=0x000001dee3df5808 relative=0x00000000000001e8
Event: 16.562 Thread 0x000001defb04acb0 Uncommon trap: reason=unstable_if action=reinterpret pc=0x000001dee3df5808 method=org.eclipse.core.runtime.Path.computeLength()I @ 92 c2
Event: 16.562 Thread 0x000001defb04acb0 DEOPT PACKING pc=0x000001dee3df5808 sp=0x0000003a509fe1e0
Event: 16.562 Thread 0x000001defb04acb0 DEOPT UNPACKING pc=0x000001dee3603aa2 sp=0x0000003a509fe168 mode 2

Classes loaded (20 events):
Event: 16.233 Loading class java/util/Hashtable$ValueCollection
Event: 16.233 Loading class java/util/Hashtable$ValueCollection done
Event: 16.348 Loading class java/nio/charset/CharacterCodingException
Event: 16.348 Loading class java/nio/charset/CharacterCodingException done
Event: 16.348 Loading class java/io/SequenceInputStream
Event: 16.349 Loading class java/io/SequenceInputStream done
Event: 16.419 Loading class java/util/WeakHashMap$KeyIterator
Event: 16.419 Loading class java/util/WeakHashMap$KeyIterator done
Event: 16.474 Loading class java/util/concurrent/ForkJoinTask$AdaptedCallable
Event: 16.474 Loading class java/util/concurrent/ForkJoinTask$AdaptedCallable done
Event: 16.490 Loading class java/util/Hashtable$KeySet
Event: 16.490 Loading class java/util/Hashtable$KeySet done
Event: 16.528 Loading class java/util/concurrent/CompletableFuture$UniApply
Event: 16.528 Loading class java/util/concurrent/CompletableFuture$UniCompletion
Event: 16.528 Loading class java/util/concurrent/CompletableFuture$UniCompletion done
Event: 16.528 Loading class java/util/concurrent/CompletableFuture$UniApply done
Event: 16.529 Loading class java/util/concurrent/CompletableFuture$UniAccept
Event: 16.529 Loading class java/util/concurrent/CompletableFuture$UniAccept done
Event: 16.529 Loading class java/util/concurrent/CompletableFuture$UniExceptionally
Event: 16.529 Loading class java/util/concurrent/CompletableFuture$UniExceptionally done

Classes unloaded (7 events):
Event: 5.982 Thread 0x000001ded8f3e8a0 Unloading class 0x000001de811a2800 'java/lang/invoke/LambdaForm$MH+0x000001de811a2800'
Event: 5.982 Thread 0x000001ded8f3e8a0 Unloading class 0x000001de811a2400 'java/lang/invoke/LambdaForm$MH+0x000001de811a2400'
Event: 5.982 Thread 0x000001ded8f3e8a0 Unloading class 0x000001de811a2000 'java/lang/invoke/LambdaForm$MH+0x000001de811a2000'
Event: 5.982 Thread 0x000001ded8f3e8a0 Unloading class 0x000001de811a1c00 'java/lang/invoke/LambdaForm$MH+0x000001de811a1c00'
Event: 5.982 Thread 0x000001ded8f3e8a0 Unloading class 0x000001de811a1800 'java/lang/invoke/LambdaForm$BMH+0x000001de811a1800'
Event: 5.982 Thread 0x000001ded8f3e8a0 Unloading class 0x000001de811a1400 'java/lang/invoke/LambdaForm$DMH+0x000001de811a1400'
Event: 5.982 Thread 0x000001ded8f3e8a0 Unloading class 0x000001de811a0000 'java/lang/invoke/LambdaForm$DMH+0x000001de811a0000'

Classes redefined (0 events):
No events

Internal exceptions (20 events):
Event: 16.538 Thread 0x000001def6faba20 Exception <a 'sun/nio/fs/WindowsException'{0x00000000d5fc0e68}> (0x00000000d5fc0e68) 
thrown [s\src\hotspot\share\prims\jni.cpp, line 520]
Event: 16.539 Thread 0x000001def6faba20 Exception <a 'sun/nio/fs/WindowsException'{0x00000000d601a788}> (0x00000000d601a788) 
thrown [s\src\hotspot\share\prims\jni.cpp, line 520]
Event: 16.539 Thread 0x000001def6faba20 Exception <a 'sun/nio/fs/WindowsException'{0x00000000d601b068}> (0x00000000d601b068) 
thrown [s\src\hotspot\share\prims\jni.cpp, line 520]
Event: 16.539 Thread 0x000001def6faba20 Exception <a 'sun/nio/fs/WindowsException'{0x00000000d601c400}> (0x00000000d601c400) 
thrown [s\src\hotspot\share\prims\jni.cpp, line 520]
Event: 16.539 Thread 0x000001def6faba20 Exception <a 'sun/nio/fs/WindowsException'{0x00000000d601cc68}> (0x00000000d601cc68) 
thrown [s\src\hotspot\share\prims\jni.cpp, line 520]
Event: 16.543 Thread 0x000001defb049270 Exception <a 'java/lang/IncompatibleClassChangeError'{0x00000000d5e9c228}: Found class java.lang.Object, but interface was expected> (0x00000000d5e9c228) 
thrown [s\src\hotspot\share\interpreter\linkResolver.cpp, line 840]
Event: 16.544 Thread 0x000001def6faba20 Exception <a 'java/io/FileNotFoundException'{0x00000000d60f45f8}> (0x00000000d60f45f8) 
thrown [s\src\hotspot\share\prims\jni.cpp, line 520]
Event: 16.544 Thread 0x000001def6faba20 Exception <a 'java/io/FileNotFoundException'{0x00000000d60f5378}> (0x00000000d60f5378) 
thrown [s\src\hotspot\share\prims\jni.cpp, line 520]
Event: 16.544 Thread 0x000001defb049270 Exception <a 'java/lang/IncompatibleClassChangeError'{0x00000000d5ea9928}: Found class java.lang.Object, but interface was expected> (0x00000000d5ea9928) 
thrown [s\src\hotspot\share\interpreter\linkResolver.cpp, line 840]
Event: 16.549 Thread 0x000001def6faba20 Exception <a 'sun/nio/fs/WindowsException'{0x00000000d6339990}> (0x00000000d6339990) 
thrown [s\src\hotspot\share\prims\jni.cpp, line 520]
Event: 16.549 Thread 0x000001def6faba20 Exception <a 'sun/nio/fs/WindowsException'{0x00000000d633a1f8}> (0x00000000d633a1f8) 
thrown [s\src\hotspot\share\prims\jni.cpp, line 520]
Event: 16.550 Thread 0x000001def6faba20 Exception <a 'sun/nio/fs/WindowsException'{0x00000000d633b2c8}> (0x00000000d633b2c8) 
thrown [s\src\hotspot\share\prims\jni.cpp, line 520]
Event: 16.550 Thread 0x000001def6faba20 Exception <a 'sun/nio/fs/WindowsException'{0x00000000d633b8f8}> (0x00000000d633b8f8) 
thrown [s\src\hotspot\share\prims\jni.cpp, line 520]
Event: 16.550 Thread 0x000001def6faba20 Exception <a 'sun/nio/fs/WindowsException'{0x00000000d633c9e0}> (0x00000000d633c9e0) 
thrown [s\src\hotspot\share\prims\jni.cpp, line 520]
Event: 16.550 Thread 0x000001def6faba20 Exception <a 'sun/nio/fs/WindowsException'{0x00000000d633d248}> (0x00000000d633d248) 
thrown [s\src\hotspot\share\prims\jni.cpp, line 520]
Event: 16.558 Thread 0x000001defb049900 Implicit null exception at 0x000001dee4006c03 to 0x000001dee40079c8
Event: 16.566 Thread 0x000001defb049900 Exception <a 'sun/nio/fs/WindowsException'{0x00000000d64df638}> (0x00000000d64df638) 
thrown [s\src\hotspot\share\prims\jni.cpp, line 520]
Event: 16.566 Thread 0x000001defb049900 Exception <a 'sun/nio/fs/WindowsException'{0x00000000d64dfec0}> (0x00000000d64dfec0) 
thrown [s\src\hotspot\share\prims\jni.cpp, line 520]
Event: 16.566 Thread 0x000001defb049900 Exception <a 'sun/nio/fs/WindowsException'{0x00000000d64e0f90}> (0x00000000d64e0f90) 
thrown [s\src\hotspot\share\prims\jni.cpp, line 520]
Event: 16.566 Thread 0x000001defb049900 Exception <a 'sun/nio/fs/WindowsException'{0x00000000d64e15c0}> (0x00000000d64e15c0) 
thrown [s\src\hotspot\share\prims\jni.cpp, line 520]

ZGC Phase Switch (0 events):
No events

VM Operations (20 events):
Event: 14.883 Executing VM operation: ParallelGCFailedAllocation (Allocation Failure) done
Event: 14.953 Executing VM operation: ParallelGCFailedAllocation (Allocation Failure)
Event: 14.956 Executing VM operation: ParallelGCFailedAllocation (Allocation Failure) done
Event: 15.024 Executing VM operation: ParallelGCFailedAllocation (Allocation Failure)
Event: 15.028 Executing VM operation: ParallelGCFailedAllocation (Allocation Failure) done
Event: 15.182 Executing VM operation: ParallelGCFailedAllocation (Allocation Failure)
Event: 15.185 Executing VM operation: ParallelGCFailedAllocation (Allocation Failure) done
Event: 15.271 Executing VM operation: ParallelGCFailedAllocation (Allocation Failure)
Event: 15.274 Executing VM operation: ParallelGCFailedAllocation (Allocation Failure) done
Event: 15.526 Executing VM operation: ParallelGCFailedAllocation (Allocation Failure)
Event: 15.527 Executing VM operation: ParallelGCFailedAllocation (Allocation Failure) done
Event: 16.034 Executing VM operation: ParallelGCFailedAllocation (Allocation Failure)
Event: 16.035 Executing VM operation: ParallelGCFailedAllocation (Allocation Failure) done
Event: 16.118 Executing VM operation: HandshakeAllThreads (Deoptimize)
Event: 16.118 Executing VM operation: HandshakeAllThreads (Deoptimize) done
Event: 16.477 Executing VM operation: ParallelGCFailedAllocation (Allocation Failure)
Event: 16.480 Executing VM operation: ParallelGCFailedAllocation (Allocation Failure) done
Event: 16.566 Executing VM operation: HandshakeAllThreads (Deoptimize)
Event: 16.566 Executing VM operation: HandshakeAllThreads (Deoptimize) done
Event: 17.565 Executing VM operation: Cleanup

Memory protections (0 events):
No events

Nmethod flushes (20 events):
Event: 8.404 Thread 0x000001ded8f3e8a0 flushing  nmethod 0x000001dedc72a010
Event: 8.404 Thread 0x000001ded8f3e8a0 flushing  nmethod 0x000001dedc72b210
Event: 8.404 Thread 0x000001ded8f3e8a0 flushing  nmethod 0x000001dedc72ba10
Event: 8.404 Thread 0x000001ded8f3e8a0 flushing  nmethod 0x000001dedc72e690
Event: 8.404 Thread 0x000001ded8f3e8a0 flushing  nmethod 0x000001dedc72ef90
Event: 8.404 Thread 0x000001ded8f3e8a0 flushing  nmethod 0x000001dedc730190
Event: 8.404 Thread 0x000001ded8f3e8a0 flushing  nmethod 0x000001dedc730e10
Event: 8.404 Thread 0x000001ded8f3e8a0 flushing  nmethod 0x000001dedc731610
Event: 8.404 Thread 0x000001ded8f3e8a0 flushing  nmethod 0x000001dedc732090
Event: 8.404 Thread 0x000001ded8f3e8a0 flushing  nmethod 0x000001dedc77e810
Event: 8.404 Thread 0x000001ded8f3e8a0 flushing  nmethod 0x000001dedc781090
Event: 8.404 Thread 0x000001ded8f3e8a0 flushing  nmethod 0x000001dedc781390
Event: 8.404 Thread 0x000001ded8f3e8a0 flushing  nmethod 0x000001dedc789510
Event: 8.404 Thread 0x000001ded8f3e8a0 flushing  nmethod 0x000001dedc797a10
Event: 8.404 Thread 0x000001ded8f3e8a0 flushing  nmethod 0x000001dedc797f10
Event: 8.404 Thread 0x000001ded8f3e8a0 flushing  nmethod 0x000001dedc7d4810
Event: 8.404 Thread 0x000001ded8f3e8a0 flushing  nmethod 0x000001dedc7ec510
Event: 8.404 Thread 0x000001ded8f3e8a0 flushing  nmethod 0x000001dedc813a90
Event: 8.404 Thread 0x000001ded8f3e8a0 flushing  nmethod 0x000001dedc813f10
Event: 8.404 Thread 0x000001ded8f3e8a0 flushing  nmethod 0x000001dedc82e610

Events (20 events):
Event: 9.268 Thread 0x000001ded8e7c420 Thread added: 0x000001defb049f90
Event: 9.403 Thread 0x000001ded8e7c420 Thread added: 0x000001defb046b10
Event: 9.799 Thread 0x000001ded8e7c420 Thread added: 0x000001defb047ec0
Event: 9.800 Thread 0x000001ded8e7c420 Thread added: 0x000001defb049270
Event: 13.627 Thread 0x000001def1b167f0 Thread exited: 0x000001def1b167f0
Event: 13.639 Thread 0x000001def753f660 Thread exited: 0x000001def753f660
Event: 13.671 Thread 0x000001def17ad530 Thread added: 0x000001def1b167f0
Event: 13.672 Thread 0x000001def17ad530 Thread added: 0x000001def753f660
Event: 14.119 Thread 0x000001def753f660 Thread exited: 0x000001def753f660
Event: 16.476 Thread 0x000001def6fa92c0 Thread added: 0x000001defb049900
Event: 16.476 Thread 0x000001def6fa92c0 Thread added: 0x000001defb048550
Event: 16.480 Thread 0x000001defb048550 Thread added: 0x000001defb04a620
Event: 16.480 Thread 0x000001defb049900 Thread added: 0x000001defb0471a0
Event: 16.481 Thread 0x000001defb04a620 Thread added: 0x000001defb04acb0
Event: 16.482 Thread 0x000001defb0471a0 Thread added: 0x000001defb047830
Event: 16.482 Thread 0x000001defb047830 Thread added: 0x000001defb04b340
Event: 16.484 Thread 0x000001defb04b340 Thread added: 0x000001defb04cd80
Event: 16.485 Thread 0x000001defb04acb0 Thread added: 0x000001defb04d410
Event: 16.485 Thread 0x000001defb04cd80 Thread added: 0x000001defb04daa0
Event: 16.495 Thread 0x000001defb04d410 Thread added: 0x000001defb04b9d0


Dynamic libraries:
0x00007ff694950000 - 0x00007ff69495e000 	c:\Users\hp\.antigravity\extensions\redhat.java-1.52.0-win32-x64\jre\21.0.9-win32-x86_64\bin\java.exe
0x00007ffd3c460000 - 0x00007ffd3c6c7000 	C:\WINDOWS\SYSTEM32\ntdll.dll
0x00007ffd3afb0000 - 0x00007ffd3b079000 	C:\WINDOWS\System32\KERNEL32.DLL
0x00007ffd39e00000 - 0x00007ffd3a1f1000 	C:\WINDOWS\System32\KERNELBASE.dll
0x00007ffd398a0000 - 0x00007ffd399eb000 	C:\WINDOWS\System32\ucrtbase.dll
0x00007ffd0e680000 - 0x00007ffd0e698000 	c:\Users\hp\.antigravity\extensions\redhat.java-1.52.0-win32-x64\jre\21.0.9-win32-x86_64\bin\jli.dll
0x00007ffcf8a40000 - 0x00007ffcf8a5e000 	c:\Users\hp\.antigravity\extensions\redhat.java-1.52.0-win32-x64\jre\21.0.9-win32-x86_64\bin\VCRUNTIME140.dll
0x00007ffd3a410000 - 0x00007ffd3a5d5000 	C:\WINDOWS\System32\USER32.dll
0x00007ffd39d40000 - 0x00007ffd39d67000 	C:\WINDOWS\System32\win32u.dll
0x00007ffd3ba10000 - 0x00007ffd3ba3b000 	C:\WINDOWS\System32\GDI32.dll
0x00007ffd17ad0000 - 0x00007ffd17d63000 	C:\WINDOWS\WinSxS\amd64_microsoft.windows.common-controls_6595b64144ccf1df_6.0.26100.8037_none_3e092faae333b53b\COMCTL32.dll
0x00007ffd39b50000 - 0x00007ffd39c7b000 	C:\WINDOWS\System32\gdi32full.dll
0x00007ffd3abc0000 - 0x00007ffd3ac69000 	C:\WINDOWS\System32\msvcrt.dll
0x00007ffd399f0000 - 0x00007ffd39a93000 	C:\WINDOWS\System32\msvcp_win.dll
0x00007ffd3ba40000 - 0x00007ffd3ba71000 	C:\WINDOWS\System32\IMM32.DLL
0x00007ffd16b80000 - 0x00007ffd16b8c000 	c:\Users\hp\.antigravity\extensions\redhat.java-1.52.0-win32-x64\jre\21.0.9-win32-x86_64\bin\vcruntime140_1.dll
0x00007ffc60b00000 - 0x00007ffc60b8d000 	c:\Users\hp\.antigravity\extensions\redhat.java-1.52.0-win32-x64\jre\21.0.9-win32-x86_64\bin\msvcp140.dll
0x00007ffc401e0000 - 0x00007ffc40f80000 	c:\Users\hp\.antigravity\extensions\redhat.java-1.52.0-win32-x64\jre\21.0.9-win32-x86_64\bin\server\jvm.dll
0x00007ffd3b720000 - 0x00007ffd3b7db000 	C:\WINDOWS\System32\ADVAPI32.dll
0x00007ffd3b960000 - 0x00007ffd3ba07000 	C:\WINDOWS\System32\sechost.dll
0x00007ffd3ba90000 - 0x00007ffd3bba8000 	C:\WINDOWS\System32\RPCRT4.dll
0x00007ffd3aac0000 - 0x00007ffd3ab34000 	C:\WINDOWS\System32\WS2_32.dll
0x00007ffd38bc0000 - 0x00007ffd38c1e000 	C:\WINDOWS\SYSTEM32\POWRPROF.dll
0x00007ffd32350000 - 0x00007ffd3235b000 	C:\WINDOWS\SYSTEM32\VERSION.dll
0x00007ffd32310000 - 0x00007ffd32345000 	C:\WINDOWS\SYSTEM32\WINMM.dll
0x00007ffd38ba0000 - 0x00007ffd38bb4000 	C:\WINDOWS\SYSTEM32\UMPDC.dll
0x00007ffd37ab0000 - 0x00007ffd37acb000 	C:\WINDOWS\SYSTEM32\kernel.appcore.dll
0x00007ffd11ac0000 - 0x00007ffd11aca000 	c:\Users\hp\.antigravity\extensions\redhat.java-1.52.0-win32-x64\jre\21.0.9-win32-x86_64\bin\jimage.dll
0x00007ffd2d1f0000 - 0x00007ffd2d432000 	C:\WINDOWS\SYSTEM32\DBGHELP.DLL
0x00007ffd3a5e0000 - 0x00007ffd3a962000 	C:\WINDOWS\System32\combase.dll
0x00007ffd3b620000 - 0x00007ffd3b6f7000 	C:\WINDOWS\System32\OLEAUT32.dll
0x00007ffd1b0e0000 - 0x00007ffd1b11b000 	C:\WINDOWS\SYSTEM32\dbgcore.DLL
0x00007ffd39aa0000 - 0x00007ffd39b45000 	C:\WINDOWS\System32\bcryptPrimitives.dll
0x00007ffd11710000 - 0x00007ffd1171f000 	c:\Users\hp\.antigravity\extensions\redhat.java-1.52.0-win32-x64\jre\21.0.9-win32-x86_64\bin\instrument.dll
0x00007ffcc71b0000 - 0x00007ffcc71d0000 	c:\Users\hp\.antigravity\extensions\redhat.java-1.52.0-win32-x64\jre\21.0.9-win32-x86_64\bin\java.dll
0x00007ffd3bc40000 - 0x00007ffd3c39f000 	C:\WINDOWS\System32\SHELL32.dll
0x00007ffd38d40000 - 0x00007ffd38eaa000 	C:\WINDOWS\System32\wintypes.dll
0x00007ffd38eb0000 - 0x00007ffd39714000 	C:\WINDOWS\System32\windows.storage.dll
0x00007ffd3b090000 - 0x00007ffd3b187000 	C:\WINDOWS\System32\SHCORE.dll
0x00007ffd3c3b0000 - 0x00007ffd3c417000 	C:\WINDOWS\System32\shlwapi.dll
0x00007ffd38c60000 - 0x00007ffd38c89000 	C:\WINDOWS\SYSTEM32\profapi.dll
0x00007ffcc05b0000 - 0x00007ffcc05c8000 	c:\Users\hp\.antigravity\extensions\redhat.java-1.52.0-win32-x64\jre\21.0.9-win32-x86_64\bin\zip.dll
0x00007ffcf8fa0000 - 0x00007ffcf8fb0000 	C:\Users\hp\.antigravity\extensions\redhat.java-1.52.0-win32-x64\jre\21.0.9-win32-x86_64\bin\net.dll
0x00007ffd2f640000 - 0x00007ffd2f767000 	C:\WINDOWS\SYSTEM32\WINHTTP.dll
0x00007ffd38040000 - 0x00007ffd380ab000 	C:\WINDOWS\system32\mswsock.dll
0x00007ffcb9b90000 - 0x00007ffcb9ba6000 	C:\Users\hp\.antigravity\extensions\redhat.java-1.52.0-win32-x64\jre\21.0.9-win32-x86_64\bin\nio.dll
0x00007ffcf83f0000 - 0x00007ffcf8400000 	c:\Users\hp\.antigravity\extensions\redhat.java-1.52.0-win32-x64\jre\21.0.9-win32-x86_64\bin\verify.dll
0x00007ffc60550000 - 0x00007ffc60595000 	C:\Users\hp\AppData\Roaming\Antigravity\User\globalStorage\redhat.java\1.52.0\config_win\org.eclipse.equinox.launcher\org.eclipse.equinox.launcher.win32.win32.x86_64_1.2.1500.v20260121-1430\eclipse_11919.dll
0x00007ffd3a200000 - 0x00007ffd3a395000 	C:\WINDOWS\System32\ole32.dll
0x00007ffd38320000 - 0x00007ffd3833b000 	C:\WINDOWS\SYSTEM32\CRYPTSP.dll
0x00007ffd37a10000 - 0x00007ffd37a49000 	C:\WINDOWS\system32\rsaenh.dll
0x00007ffd380f0000 - 0x00007ffd38122000 	C:\WINDOWS\SYSTEM32\USERENV.dll
0x00007ffd38c30000 - 0x00007ffd38c5a000 	C:\WINDOWS\SYSTEM32\bcrypt.dll
0x00007ffd38340000 - 0x00007ffd3834c000 	C:\WINDOWS\SYSTEM32\CRYPTBASE.dll
0x00007ffd373a0000 - 0x00007ffd373d3000 	C:\WINDOWS\SYSTEM32\IPHLPAPI.DLL
0x00007ffd3a9f0000 - 0x00007ffd3a9fa000 	C:\WINDOWS\System32\NSI.dll
0x00007ffc60320000 - 0x00007ffc60369000 	C:\Users\hp\AppData\Local\Temp\jna-3336\jna14890145891142286617.dll
0x00007ffd3ba80000 - 0x00007ffd3ba88000 	C:\WINDOWS\System32\PSAPI.DLL
0x00007ffd31710000 - 0x00007ffd3172d000 	C:\WINDOWS\SYSTEM32\dhcpcsvc6.DLL
0x00007ffd2f3c0000 - 0x00007ffd2f3e3000 	C:\WINDOWS\SYSTEM32\dhcpcsvc.DLL

JVMTI agents:
c:\Users\hp\.antigravity\extensions\redhat.java-1.52.0-win32-x64\lombok\lombok-1.18.39-4050.jar path:c:\Users\hp\.antigravity\extensions\redhat.java-1.52.0-win32-x64\jre\21.0.9-win32-x86_64\bin\instrument.dll, loaded, initialized, instrumentlib options:none

dbghelp: loaded successfully - version: 4.0.5 - missing functions: none
symbol engine: initialized successfully - sym options: 0x614 - pdb path: .;c:\Users\hp\.antigravity\extensions\redhat.java-1.52.0-win32-x64\jre\21.0.9-win32-x86_64\bin;C:\WINDOWS\SYSTEM32;C:\WINDOWS\WinSxS\amd64_microsoft.windows.common-controls_6595b64144ccf1df_6.0.26100.8037_none_3e092faae333b53b;c:\Users\hp\.antigravity\extensions\redhat.java-1.52.0-win32-x64\jre\21.0.9-win32-x86_64\bin\server;C:\Users\hp\AppData\Roaming\Antigravity\User\globalStorage\redhat.java\1.52.0\config_win\org.eclipse.equinox.launcher\org.eclipse.equinox.launcher.win32.win32.x86_64_1.2.1500.v20260121-1430;C:\Users\hp\AppData\Local\Temp\jna-3336

VM Arguments:
jvm_args: --add-modules=ALL-SYSTEM --add-opens=java.base/java.util=ALL-UNNAMED --add-opens=java.base/java.lang=ALL-UNNAMED --add-opens=java.base/sun.nio.fs=ALL-UNNAMED -Declipse.application=org.eclipse.jdt.ls.core.id1 -Dosgi.bundles.defaultStartLevel=4 -Declipse.product=org.eclipse.jdt.ls.core.product -Djava.import.generatesMetadataFilesAtProjectRoot=false -DDetectVMInstallationsJob.disabled=true -Dfile.encoding=utf8 -XX:+UseParallelGC -XX:GCTimeRatio=4 -XX:AdaptiveSizePolicyWeight=90 -Dsun.zip.disableMemoryMapping=true -Xmx2G -Xms100m -Xlog:disable -javaagent:c:\Users\hp\.antigravity\extensions\redhat.java-1.52.0-win32-x64\lombok\lombok-1.18.39-4050.jar -XX:+HeapDumpOnOutOfMemoryError -XX:HeapDumpPath=c:\Users\hp\AppData\Roaming\Antigravity\User\workspaceStorage\ec1dd92948409c9d922e4ce810f444f7\redhat.java -Daether.dependencyCollector.impl=bf 
java_command: c:\Users\hp\.antigravity\extensions\redhat.java-1.52.0-win32-x64\server\plugins\org.eclipse.equinox.launcher_1.7.100.v20251111-0406.jar -configuration c:\Users\hp\AppData\Roaming\Antigravity\User\globalStorage\redhat.java\1.52.0\config_win -data c:\Users\hp\AppData\Roaming\Antigravity\User\workspaceStorage\ec1dd92948409c9d922e4ce810f444f7\redhat.java\jdt_ws --pipe=\\.\pipe\lsp-e461836f3a4c6e4e55c932e9988f90cb-sock
java_class_path (initial): c:\Users\hp\.antigravity\extensions\redhat.java-1.52.0-win32-x64\server\plugins\org.eclipse.equinox.launcher_1.7.100.v20251111-0406.jar
Launcher Type: SUN_STANDARD

[Global flags]
    uintx AdaptiveSizePolicyWeight                 = 90                                        {product} {command line}
     intx CICompilerCount                          = 4                                         {product} {ergonomic}
    uintx GCTimeRatio                              = 4                                         {product} {command line}
     bool HeapDumpOnOutOfMemoryError               = true                                   {manageable} {command line}
    ccstr HeapDumpPath                             = c:\Users\hp\AppData\Roaming\Antigravity\User\workspaceStorage\ec1dd92948409c9d922e4ce810f444f7\redhat.java         {manageable} {command line}
   size_t InitialHeapSize                          = 104857600                                 {product} {command line}
   size_t MaxHeapSize                              = 2147483648                                {product} {command line}
   size_t MaxNewSize                               = 715653120                                 {product} {ergonomic}
   size_t MinHeapDeltaBytes                        = 524288                                    {product} {ergonomic}
   size_t MinHeapSize                              = 104857600                                 {product} {command line}
   size_t NewSize                                  = 34603008                                  {product} {ergonomic}
    uintx NonNMethodCodeHeapSize                   = 5839372                                {pd product} {ergonomic}
    uintx NonProfiledCodeHeapSize                  = 122909434                              {pd product} {ergonomic}
   size_t OldSize                                  = 70254592                                  {product} {ergonomic}
    uintx ProfiledCodeHeapSize                     = 122909434                              {pd product} {ergonomic}
    uintx ReservedCodeCacheSize                    = 251658240                              {pd product} {ergonomic}
     bool SegmentedCodeCache                       = true                                      {product} {ergonomic}
   size_t SoftMaxHeapSize                          = 2147483648                             {manageable} {ergonomic}
     bool UseCompressedOops                        = true                           {product lp64_product} {ergonomic}
     bool UseLargePagesIndividualAllocation        = false                                  {pd product} {ergonomic}
     bool UseParallelGC                            = true                                      {product} {command line}

Logging:
Log output configuration:
 #0: stdout all=off uptime,level,tags foldmultilines=false
 #1: stderr all=off uptime,level,tags foldmultilines=false

Release file:
JAVA_VERSION="21.0.9" 
MODULES="java.base java.compiler java.datatransfer java.xml java.prefs java.desktop java.instrument java.logging java.management java.security.sasl java.naming java.rmi java.management.rmi java.net.http java.scripting java.security.jgss java.transaction.xa java.sql java.sql.rowset java.xml.crypto java.se java.smartcardio jdk.accessibility jdk.internal.jvmstat jdk.attach jdk.charsets jdk.internal.opt jdk.zipfs jdk.compiler jdk.crypto.ec jdk.crypto.cryptoki jdk.crypto.mscapi jdk.dynalink jdk.internal.ed jdk.editpad jdk.hotspot.agent jdk.httpserver jdk.internal.le jdk.internal.vm.ci jdk.internal.vm.compiler jdk.internal.vm.compiler.management jdk.jartool jdk.javadoc jdk.jcmd jdk.management jdk.management.agent jdk.jconsole jdk.jdeps jdk.jdwp.agent jdk.jdi jdk.jfr jdk.jshell jdk.jsobject jdk.jstatd jdk.localedata jdk.management.jfr jdk.naming.dns jdk.naming.rmi jdk.net jdk.nio.mapmode jdk.random jdk.sctp jdk.security.auth jdk.security.jgss jdk.unsupported jdk.unsupported.desktop jdk.xml.dom" 

Environment Variables:
PATH=C:\Program Files\Common Files\Oracle\Java\javapath;C:\Python311\Scripts\;C:\Python311\;C:\windows\system32;C:\windows;C:\windows\System32\Wbem;C:\windows\System32\WindowsPowerShell\v1.0\;C:\windows\System32\OpenSSH\;C:\Program Files (x86)\NVIDIA Corporation\PhysX\Common;C:\Program Files\NVIDIA Corporation\NVIDIA NvDLISR;C:\MinGW\bin;C:\Program Files\dotnet\;C:\WINDOWS\system32;C:\WINDOWS;C:\WINDOWS\System32\Wbem;C:\WINDOWS\System32\WindowsPowerShell\v1.0\;C:\WINDOWS\System32\OpenSSH\;C:\ProgramData\chocolatey\bin;C:\Program Files\HP\HP One Agent;C:\WINDOWS\system32;C:\WINDOWS;C:\WINDOWS\System32\Wbem;C:\WINDOWS\System32\WindowsPowerShell\v1.0\;C:\WINDOWS\System32\OpenSSH\;C:\Program Files\nodejs\;D:\flutter\bin;C:\Program Files\Docker\Docker\resources\bin;C:\Program Files\Git\cmd;C:\Program Files\Amazon\AWSCLIV2\;C:\Users\hp\AppData\Local\Microsoft\WindowsApps;C:\Users\hp\AppData\Local\Programs\Microsoft VS Code\bin;C:\Users\hp\AppData\Local\Programs\Espanso;C:\Users\hp\AppData\Roaming\npm;D:\MongoDB setup\bin;C:\Users\hp\AppData\Local\Programs\Antigravity\bin
USERNAME=hp
OS=Windows_NT
PROCESSOR_IDENTIFIER=AMD64 Family 25 Model 80 Stepping 0, AuthenticAMD
TMP=C:\Users\hp\AppData\Local\Temp
TEMP=C:\Users\hp\AppData\Local\Temp




Periodic native trim disabled

---------------  S Y S T E M  ---------------

OS:
 Windows 11 , 64 bit Build 26100 (10.0.26100.7920)
OS uptime: 5 days 1:32 hours
Hyper-V role detected

CPU: total 12 (initial active 12) (12 cores per cpu, 2 threads per core) family 25 model 80 stepping 0 microcode 0xa500011, cx8, cmov, fxsr, ht, mmx, 3dnowpref, sse, sse2, sse3, ssse3, sse4a, sse4.1, sse4.2, popcnt, lzcnt, tsc, tscinvbit, avx, avx2, aes, erms, clmul, bmi1, bmi2, adx, sha, fma, vzeroupper, clflush, clflushopt, hv, rdtscp, rdpid, fsrm, f16c, cet_ss
Processor Information for processor 0
  Max Mhz: 3301, Current Mhz: 3301, Mhz Limit: 3301
Processor Information for processor 1
  Max Mhz: 3301, Current Mhz: 2011, Mhz Limit: 3301
Processor Information for processor 2
  Max Mhz: 3301, Current Mhz: 3301, Mhz Limit: 3301
Processor Information for processor 3
  Max Mhz: 3301, Current Mhz: 3301, Mhz Limit: 3301
Processor Information for processor 4
  Max Mhz: 3301, Current Mhz: 3301, Mhz Limit: 3301
Processor Information for processor 5
  Max Mhz: 3301, Current Mhz: 3301, Mhz Limit: 3301
Processor Information for processor 6
  Max Mhz: 3301, Current Mhz: 3301, Mhz Limit: 3301
Processor Information for processor 7
  Max Mhz: 3301, Current Mhz: 3301, Mhz Limit: 3301
Processor Information for processor 8
  Max Mhz: 3301, Current Mhz: 3301, Mhz Limit: 3301
Processor Information for processor 9
  Max Mhz: 3301, Current Mhz: 3301, Mhz Limit: 3301
Processor Information for processor 10
  Max Mhz: 3301, Current Mhz: 3301, Mhz Limit: 3301
Processor Information for processor 11
  Max Mhz: 3301, Current Mhz: 3301, Mhz Limit: 3301

Memory: 4k page, system-wide physical 7521M (510M free)
TotalPageFile size 31073M (AvailPageFile size 0M)
current process WorkingSet (physical memory assigned to process): 247M, peak: 258M
current process commit charge ("private bytes"): 360M, peak: 375M

vm_info: OpenJDK 64-Bit Server VM (21.0.9+10-LTS) for windows-amd64 JRE (21.0.9+10-LTS), built on 2025-10-21T00:00:00Z by "admin" with unknown MS VC++:1942

END.
